2023-04-18 20:49:58 INFO  Log:16 - ***********************
2023-04-18 20:49:58 INFO  Log:17 - ************************
2023-04-18 20:49:58 INFO  Log:18 - ***********This is the beginning of my Test case*************
2023-04-18 20:49:58 INFO  Log:28 - My test case is executing right now
2023-04-18 20:49:58 INFO  Log:33 - My test case might have some trivial issues
2023-04-18 20:50:14 INFO  Log:28 - This test case is about to get completed
2023-04-18 20:50:14 INFO  Log:22 - ######################################
2023-04-18 20:50:14 INFO  Log:23 - ######################################
2023-04-18 20:50:14 INFO  Log:24 - #################This test case is finished#####################
2023-05-13 12:30:47 INFO  Log:16 - ***********************
2023-05-13 12:30:47 INFO  Log:17 - ************************
2023-05-13 12:30:47 INFO  Log:18 - ***********This is the beginning of my Test case*************
2023-05-13 12:30:47 INFO  Log:28 - My test case is executing right now
2023-05-13 12:30:47 INFO  Log:33 - My test case might have some trivial issues
2023-05-13 12:30:57 INFO  Log:28 - This test case is about to get completed
2023-05-13 12:30:57 INFO  Log:22 - ######################################
2023-05-13 12:30:57 INFO  Log:23 - ######################################
2023-05-13 12:30:57 INFO  Log:24 - #################This test case is finished#####################
2023-05-13 12:34:34 INFO  Log:16 - ***********************
2023-05-13 12:34:34 INFO  Log:17 - ************************
2023-05-13 12:34:34 INFO  Log:18 - ***********This is the beginning of my Test case*************
2023-05-13 12:34:34 INFO  Log:28 - My test case is executing right now
2023-05-13 12:34:34 INFO  Log:33 - My test case might have some trivial issues
2023-05-13 12:35:05 INFO  Log:28 - This test case is about to get completed
2023-05-13 12:35:05 INFO  Log:22 - ######################################
2023-05-13 12:35:05 INFO  Log:23 - ######################################
2023-05-13 12:35:05 INFO  Log:24 - #################This test case is finished#####################
2023-05-13 12:42:51 INFO  Log:16 - ***********************
2023-05-13 12:42:51 INFO  Log:17 - ************************
2023-05-13 12:42:51 INFO  Log:18 - ***********This is the beginning of my Test case*************
2023-05-13 12:42:51 INFO  Log:28 - My test case is executing right now
2023-05-13 12:42:51 INFO  Log:33 - My test case might have some trivial issues
2023-05-13 12:42:58 INFO  Log:28 - This test case is about to get completed
2023-05-13 12:42:58 INFO  Log:22 - ######################################
2023-05-13 12:42:58 INFO  Log:23 - ######################################
2023-05-13 12:42:58 INFO  Log:24 - #################This test case is finished#####################
2023-05-13 12:47:25 INFO  Log:16 - ***********************
2023-05-13 12:47:25 INFO  Log:17 - ************************
2023-05-13 12:47:25 INFO  Log:18 - ***********This is the beginning of my Test case*************
2023-05-13 12:47:25 INFO  Log:28 - My test case is executing right now
2023-05-13 12:47:25 INFO  Log:33 - My test case might have some trivial issues
2023-05-13 12:47:32 INFO  Log:28 - This test case is about to get completed
2023-05-13 12:47:32 INFO  Log:22 - ######################################
2023-05-13 12:47:32 INFO  Log:23 - ######################################
2023-05-13 12:47:32 INFO  Log:24 - #################This test case is finished#####################
2023-05-13 12:53:58 INFO  Log:16 - ***********************
2023-05-13 12:53:58 INFO  Log:17 - ************************
2023-05-13 12:53:58 INFO  Log:18 - ***********This is the beginning of my Test case*************
2023-05-13 12:53:58 INFO  Log:28 - My test case is executing right now
2023-05-13 12:53:58 INFO  Log:33 - My test case might have some trivial issues
2023-05-13 12:54:05 INFO  Log:28 - This test case is about to get completed
2023-05-13 12:54:05 INFO  Log:22 - ######################################
2023-05-13 12:54:05 INFO  Log:23 - ######################################
2023-05-13 12:54:05 INFO  Log:24 - #################This test case is finished#####################
2023-05-30 21:35:51 INFO  Log:16 - ***********************
2023-05-30 21:35:51 INFO  Log:17 - ************************
2023-05-30 21:35:51 INFO  Log:18 - ***********This is the beginning of my Test case*************
2023-05-30 21:35:51 INFO  Log:28 - My test case is executing right now
2023-05-30 21:35:51 INFO  Log:33 - My test case might have some trivial issues
2023-05-30 21:36:42 INFO  Log:28 - This test case is about to get completed
2023-05-30 21:36:42 INFO  Log:22 - ######################################
2023-05-30 21:36:42 INFO  Log:23 - ######################################
2023-05-30 21:36:42 INFO  Log:24 - #################This test case is finished#####################
2023-05-31 19:23:01 INFO  Log:16 - ***********************
2023-05-31 19:23:01 INFO  Log:17 - ************************
2023-05-31 19:23:01 INFO  Log:18 - ***********This is the beginning of my Test case*************
2023-05-31 19:23:01 INFO  Log:28 - My test case is executing right now
2023-05-31 19:23:01 INFO  Log:33 - My test case might have some trivial issues
2023-05-31 19:23:09 INFO  Log:28 - This test case is about to get completed
2023-05-31 19:23:09 INFO  Log:22 - ######################################
2023-05-31 19:23:09 INFO  Log:23 - ######################################
2023-05-31 19:23:09 INFO  Log:24 - #################This test case is finished#####################
